
NOMAD - version 3.7.3 has been created by {
	Charles Audet        - Ecole Polytechnique de Montreal
	Sebastien Le Digabel - Ecole Polytechnique de Montreal
	Christophe Tribes    - Ecole Polytechnique de Montreal
} 

The copyright of NOMAD - version 3.7.3 is owned by {
	Sebastien Le Digabel - Ecole Polytechnique de Montreal
	Christophe Tribes    - Ecole Polytechnique de Montreal
} 

NOMAD version 3 is a new version of Nomad v1 and v2, it has been funded by AFOSR and Exxon Mobil.
Nomad v1 and v2 were created and developed by Mark A. Abramson from The Boeing Company, Charles Audet and Gilles Couture from Ecole Polytechnique de Montreal, and John E. Dennis Jr. from Rice University, and were funded by AFOSR and Exxon Mobil.

Download  : www.gerad.ca/nomad
License   : '$NOMAD_HOME/src/lgpl.txt'
User guide: '$NOMAD_HOME/doc/user_guide.pdf'
Examples  : '$NOMAD_HOME/examples'
Tools     : '$NOMAD_HOME/tools'

Please report bugs to nomad@gerad.ca

multi-MADS run {

	MADS run  1 ...... OK [bb eval= 64] [overall bb eval=   64] [# dominant pts=   6] [# new pts=   6] [f1=0 f2=6.231313115]
	MADS run  2 ...... OK [bb eval= 32] [overall bb eval=   96] [# dominant pts=  10] [# new pts=   4] [f1=0.8147632732 f2=-0.4772846994]
	MADS run  3 ...... OK [bb eval= 32] [overall bb eval=  128] [# dominant pts=  14] [# new pts=   4] [f1=0 f2=1]
	MADS run  4 ...... OK [bb eval= 32] [overall bb eval=  160] [# dominant pts=  23] [# new pts=   9] [f1=0.3158760328 f2=0.5854826675]
	MADS run  5 ...... OK [bb eval= 32] [overall bb eval=  192] [# dominant pts=  31] [# new pts=   8] [f1=0.563132696 f2=0.1198200644]
	MADS run  6 ...... OK [bb eval= 32] [overall bb eval=  224] [# dominant pts=  48] [# new pts=  17] [f1=0.5283988375 f2=0.3748699372]
	MADS run  7 ...... OK [bb eval= 32] [overall bb eval=  256] [# dominant pts=  66] [# new pts=  18] [f1=0.7870555978 f2=-0.2509912401]
	MADS run  8 ...... OK [bb eval= 32] [overall bb eval=  288] [# dominant pts=  80] [# new pts=  14] [f1=0.268022029 f2=0.8108740924]
	MADS run  9 ...... OK [bb eval= 32] [overall bb eval=  320] [# dominant pts=  91] [# new pts=  11] [f1=0.5153477455 f2=0.5405240953]
	MADS run 10 ...... OK [bb eval= 32] [overall bb eval=  352] [# dominant pts=  95] [# new pts=   4] [f1=0.7680831771 f2=0.07286356753]
	MADS run 11 ...... OK [bb eval= 32] [overall bb eval=  384] [# dominant pts= 102] [# new pts=   7] [f1=0.5137077274 f2=0.5626056928]
	MADS run 12 ...... OK [bb eval= 32] [overall bb eval=  416] [# dominant pts= 108] [# new pts=   6] [f1=0.567828327 f2=0.1148265921]
	MADS run 13 ...... OK [bb eval= 32] [overall bb eval=  448] [# dominant pts= 115] [# new pts=   7] [f1=0.5682426473 f2=0.1147658278]
	MADS run 14 ...... OK [bb eval= 32] [overall bb eval=  480] [# dominant pts= 121] [# new pts=   6] [f1=0.5685361243 f2=0.1147602185]
	MADS run 15 ...... OK [bb eval= 20] [overall bb eval=  500] [# dominant pts= 125] [# new pts=   4] [f1=0.5685361243 f2=0.1147602185]

} end of run (max number of bb evaluations)


blackbox evaluations                     : 500
number of MADS runs                      : 15

Pareto front {

	BBE	(	0.0000000000 0.0000000000 )	0.0000000000 1.0000000000 
	BBE	(	0.0088388348 0.0000000000 )	0.0088388348 0.9979744889 
	BBE	(	0.0154679608 0.0000000000 )	0.0154679608 0.9938978580 
	BBE	(	0.0176776695 0.0000000000 )	0.0176776695 0.9920893658 
	BBE	(	0.0211561362 0.0000000000 )	0.0211561362 0.9888260567 
	BBE	(	0.0530330086 0.0000000000 )	0.0530330086 0.9456485587 
	BBE	(	0.0707106781 0.0000000000 )	0.0707106781 0.9257895286 
	BBE	(	0.2562138982 0.0000000000 )	0.2562138982 0.8945033812 
	BBE	(	0.2608404757 0.0000000000 )	0.2608404758 0.8617719752 
	BBE	(	0.2619453301 0.0000000000 )	0.2619453301 0.8539197314 
	BBE	(	0.2622905971 0.0000000000 )	0.2622905971 0.8514653467 
	BBE	(	0.2651217863 0.0003064244 )	0.2651217863 0.8346375232 
	BBE	(	0.2655361067 0.0000000000 )	0.2655361067 0.8284226452 
	BBE	(	0.2680220290 0.0000000000 )	0.2680220290 0.8108740924 
	BBE	(	0.2686435096 0.0000000000 )	0.2686435096 0.8065101303 
	BBE	(	0.2691268833 0.0000000000 )	0.2691268833 0.8031238337 
	BBE	(	0.2696793105 0.0000000000 )	0.2696793105 0.7992629776 
	BBE	(	0.2710603784 0.0003193720 )	0.2710603784 0.7930864044 
	BBE	(	0.2727867134 0.0000000000 )	0.2727867134 0.7777651163 
	BBE	(	0.2741677813 0.0000000000 )	0.2741677813 0.7683544484 
	BBE	(	0.2749964221 0.0002762136 )	0.2749964221 0.7657285747 
	BBE	(	0.2754797958 0.0000000000 )	0.2754797958 0.7595122877 
	BBE	(	0.2819017617 0.0000000000 )	0.2819017617 0.7179584250 
	BBE	(	0.2995794312 0.0000000000 )	0.2995794312 0.6263296155 
	BBE	(	0.3039988486 0.0000000000 )	0.3039988486 0.6104981808 
	BBE	(	0.3059323437 0.0000000000 )	0.3059323437 0.6046312984 
	BBE	(	0.3062085573 0.0000000000 )	0.3062085573 0.6038477544 
	BBE	(	0.3117328290 0.0000000000 )	0.3117328290 0.5911477575 
	BBE	(	0.3158760328 0.0000000000 )	0.3158760328 0.5854826675 
	BBE	(	0.3172571008 0.0000000000 )	0.3172571008 0.5843556236 
	BBE	(	0.3202954502 0.0000000000 )	0.3202954502 0.5832430145 
	BBE	(	0.5134487771 0.0000000000 )	0.5134487771 0.5661080224 
	BBE	(	0.5137077274 0.0000000000 )	0.5137077274 0.5626056928 
	BBE	(	0.5137940441 0.0000000000 )	0.5137940441 0.5614391407 
	BBE	(	0.5150715320 0.0000000000 )	0.5150715320 0.5442301804 
	BBE	(	0.5152786921 0.0000000000 )	0.5152786921 0.5414500948 
	BBE	(	0.5153477455 0.0000000000 )	0.5153477455 0.5405240953 
	BBE	(	0.5158224876 0.0003107403 )	0.5158224876 0.5380991695 
	BBE	(	0.5160987012 0.0005481113 )	0.5160987012 0.5374102768 
	BBE	(	0.5162799664 0.0000000000 )	0.5162799664 0.5280587044 
	BBE	(	0.5168841836 0.0000000000 )	0.5168841836 0.5200167511 
	BBE	(	0.5181098814 0.0000000000 )	0.5181098814 0.5038021282 
	BBE	(	0.5186623086 0.0000000000 )	0.5186623086 0.4965407236 
	BBE	(	0.5192147358 0.0000000000 )	0.5192147358 0.4893102188 
	BBE	(	0.5193183158 0.0000000000 )	0.5193183158 0.4879580513 
	BBE	(	0.5217006580 0.0000000000 )	0.5217006580 0.4571922658 
	BBE	(	0.5220804517 0.0000000000 )	0.5220804517 0.4523508179 
	BBE	(	0.5228055124 0.0000000000 )	0.5228055124 0.4431601076 
	BBE	(	0.5250152211 0.0000000000 )	0.5250152211 0.4156003506 
	BBE	(	0.5252914347 0.0000000000 )	0.5252914347 0.4122059478 
	BBE	(	0.5263962890 0.0000000000 )	0.5263962890 0.3987478889 
	BBE	(	0.5283988375 0.0000000000 )	0.5283988375 0.3748699372 
	BBE	(	0.5302632792 0.0000000000 )	0.5302632792 0.3532808843 
	BBE	(	0.5303323326 0.0000000000 )	0.5303323326 0.3524938416 
	BBE	(	0.5313681336 0.0007595874 )	0.5313681336 0.3505244083 
	BBE	(	0.5317134005 0.0002373711 )	0.5317134005 0.3399926818 
	BBE	(	0.5319205607 0.0000000000 )	0.5319205607 0.3346507552 
	BBE	(	0.5328873083 0.0000000000 )	0.5328873083 0.3240405720 
	BBE	(	0.5335087888 0.0002287394 )	0.5335087888 0.3202607108 
	BBE	(	0.5338540558 0.0000000000 )	0.5338540558 0.3136280970 
	BBE	(	0.5357875509 0.0000000000 )	0.5357875509 0.2934217157 
	BBE	(	0.5363399781 0.0000000000 )	0.5363399781 0.2878054090 
	BBE	(	0.5403105484 0.0000000000 )	0.5403105484 0.2496195163 
	BBE	(	0.5407593955 0.0000000000 )	0.5407593955 0.2455543650 
	BBE	(	0.5413118227 0.0000000000 )	0.5413118227 0.2406240954 
	BBE	(	0.5418642498 0.0000000000 )	0.5418642498 0.2357753238 
	BBE	(	0.5420196200 0.0000000000 )	0.5420196200 0.2344264287 
	BBE	(	0.5440739585 0.0005524272 )	0.5440739585 0.2243656329 
	BBE	(	0.5457312400 0.0000000000 )	0.5457312400 0.2041983052 
	BBE	(	0.5461455604 0.0000000000 )	0.5461455604 0.2010684705 
	BBE	(	0.5473885216 0.0000000000 )	0.5473885216 0.1919834017 
	BBE	(	0.5479409487 0.0000000000 )	0.5479409487 0.1880940310 
	BBE	(	0.5490458031 0.0000000000 )	0.5490458031 0.1805936986 
	BBE	(	0.5491493832 0.0000000000 )	0.5491493832 0.1799097506 
	BBE	(	0.5495982303 0.0000000000 )	0.5495982303 0.1769843488 
	BBE	(	0.5501506574 0.0000000000 )	0.5501506574 0.1734699226 
	BBE	(	0.5508584547 0.0000000000 )	0.5508584547 0.1691070049 
	BBE	(	0.5540176476 0.0000000000 )	0.5540176476 0.1515886169 
	BBE	(	0.5545700748 0.0000000000 )	0.5545700748 0.1488595298 
	BBE	(	0.5549843952 0.0000000000 )	0.5549843952 0.1468790527 
	BBE	(	0.5551225020 0.0000000000 )	0.5551225020 0.1462315798 
	BBE	(	0.5573322107 0.0000000000 )	0.5573322107 0.1367428101 
	BBE	(	0.5584370650 0.0000000000 )	0.5584370650 0.1326198627 
	BBE	(	0.5600943465 0.0000000000 )	0.5600943465 0.1272233749 
	BBE	(	0.5611992009 0.0000000000 )	0.5611992009 0.1241561368 
	BBE	(	0.5627183756 0.0000000000 )	0.5627183756 0.1206381293 
	BBE	(	0.5631326960 0.0000000000 )	0.5631326960 0.1198200644 
	BBE	(	0.5641167069 0.0000000000 )	0.5641167069 0.1181212433 
	BBE	(	0.5645137639 0.0000000000 )	0.5645137639 0.1175332972 
	BBE	(	0.5649453477 0.0000000000 )	0.5649453477 0.1169580043 
	BBE	(	0.5650661911 0.0000000000 )	0.5650661911 0.1168088425 
	BBE	(	0.5658948319 0.0000000000 )	0.5658948319 0.1159267436 
	BBE	(	0.5667234726 0.0000000000 )	0.5667234726 0.1152907523 
	BBE	(	0.5668615794 0.0000000000 )	0.5668615794 0.1152087235 
	BBE	(	0.5674140066 0.0000000000 )	0.5674140066 0.1149491832 
	BBE	(	0.5678283270 0.0000000000 )	0.5678283270 0.1148265921 
	BBE	(	0.5682426473 0.0000000000 )	0.5682426473 0.1147658278 
	BBE	(	0.5685361243 0.0000000000 )	0.5685361243 0.1147602185 
	BBE	(	0.7661496820 0.0000000000 )	0.7661496820 0.1105136967 
	BBE	(	0.7680831771 0.0000000000 )	0.7680831771 0.0728635675 
	BBE	(	0.7689118179 0.0000000000 )	0.7689118179 0.0569125770 
	BBE	(	0.7691880314 0.0000000000 )	0.7691880314 0.0516220389 
	BBE	(	0.7699476188 0.0003841095 )	0.7699476188 0.0432535935 
	BBE	(	0.7705690994 0.0000000000 )	0.7705690994 0.0253788803 
	BBE	(	0.7716739537 0.0000000000 )	0.7716739537 0.0046504791 
	BBE	(	0.7741598760 0.0002589502 )	0.7741598760 -0.0369011145 
	BBE	(	0.7783030798 0.0000000000 )	0.7783030798 -0.1138668264 
	BBE	(	0.7834820845 0.0000000000 )	0.7834820845 -0.1980406893 
	BBE	(	0.7841553552 0.0000000000 )	0.7841553552 -0.2083556587 
	BBE	(	0.7854673697 0.0005437955 )	0.7854673697 -0.2192363858 
	BBE	(	0.7858126367 0.0007250607 )	0.7858126367 -0.2213881058 
	BBE	(	0.7863650638 0.0007034815 )	0.7863650638 -0.2297569563 
	BBE	(	0.7864772756 0.0004822948 )	0.7864772756 -0.2349368931 
	BBE	(	0.7867103308 0.0000000000 )	0.7867103308 -0.2460730547 
	BBE	(	0.7870555978 0.0000000000 )	0.7870555978 -0.2509912401 
	BBE	(	0.7875864458 0.0002859242 )	0.7875864458 -0.2538397470 
	BBE	(	0.7882467689 0.0000000000 )	0.7882467689 -0.2676209257 
	BBE	(	0.7882985590 0.0000000000 )	0.7882985590 -0.2683319140 
	BBE	(	0.7895587834 0.0000000000 )	0.7895587834 -0.2853173321 
	BBE	(	0.7904564776 0.0000000000 )	0.7904564776 -0.2970410590 
	BBE	(	0.7926661863 0.0000000000 )	0.7926661863 -0.3245272558 
	BBE	(	0.7981904580 0.0000000000 )	0.7981904580 -0.3842336561 
	BBE	(	0.8059244384 0.0000000000 )	0.8059244384 -0.4444581650 
	BBE	(	0.8147632732 0.0000000000 )	0.8147632732 -0.4772846994 
	BBE	(	0.8191826906 0.0000000000 )	0.8191826906 -0.4787160837 
} 

number of Pareto points: 125
