
multi-MADS run {

	MADS run  1 ...... OK [bb eval= 46] [overall bb eval=   46] [# dominant pts=   3] [# new pts=   3] [f1=-6 f2=152.5555363]
	MADS run  2 ...... OK [bb eval= 23] [overall bb eval=   69] [# dominant pts=   5] [# new pts=   2] [f1=-0.5603796086 f2=-9.723737785]
	MADS run  3 ...... OK [bb eval= 23] [overall bb eval=   92] [# dominant pts=   8] [# new pts=   3] [f1=-5.121958283 f2=23.04985828]
	MADS run  4 ...... OK [bb eval=  8] [overall bb eval=  100] [# dominant pts=  10] [# new pts=   2] [f1=-3.780317496 f2=7.348181107]

} end of run (max number of bb evaluations)


blackbox evaluations                     : 100
number of MADS runs                      : 4

Pareto front {

	-6.0000000000 43.0227873016 
	-5.9269427546 35.4890842852 
	-5.3902864400 34.8873088235 
	-5.1219582827 23.0498582755 
	-4.5853019681 22.3745620084 
	-3.7803174962 7.3481811074 
	-2.7070048670 -2.5579608209 
	-2.4386767097 -3.2681325630 
	-0.8287077659 -4.2758679628 
	-0.5603796086 -9.7237377852 
} 

number of Pareto points: 10
