Warning: {
	Model use is disabled for problem with categorical variables.
} 
Warning: {
	Default anisotropic mesh is disabled with categorical and binary variables.
} 

multi-MADS run {

	MADS run  1/30 ...... OK [bb eval= 60] [overall bb eval=   60] [# dominant pts=   6] [# new pts=   6] [f1=52.02241823 f2=52.95541823]
	MADS run  2/30 ...... OK [bb eval= 74] [overall bb eval=  134] [# dominant pts=   6] [# new pts=   0] [f1=52.02241826 f2=51.05441826]
	MADS run  3/30 ...... OK [bb eval= 58] [overall bb eval=  192] [# dominant pts=   7] [# new pts=   1] [f1=52.02241823 f2=51.45041823]
	MADS run  4/30 ...... OK [bb eval= 68] [overall bb eval=  260] [# dominant pts=   6] [# new pts=  -1] [f1=52.02241823 f2=51.51641823]
	MADS run  5/30 ...... OK [bb eval= 54] [overall bb eval=  314] [# dominant pts=   7] [# new pts=   1] [f1=52.02241823 f2=51.41441823]
	MADS run  6/30 ...... OK [bb eval=  0] [overall bb eval=  314] [# dominant pts=   7] [# new pts=   0] [f1=52.02241823 f2=51.51641823]
	MADS run  7/30 ...... OK [bb eval=  0] [overall bb eval=  314] [# dominant pts=   7] [# new pts=   0] [f1=52.02241823 f2=51.41441823]
	MADS run  8/30 ...... OK [bb eval=  0] [overall bb eval=  314] [# dominant pts=   7] [# new pts=   0] [f1=52.02241823 f2=51.51641823]
	MADS run  9/30 ...... OK [bb eval=  0] [overall bb eval=  314] [# dominant pts=   7] [# new pts=   0] [f1=52.02241823 f2=51.41441823]
	MADS run 10/30 ...... OK [bb eval=  0] [overall bb eval=  314] [# dominant pts=   7] [# new pts=   0] [f1=52.02241823 f2=51.51641823]
	MADS run 11/30 ...... OK [bb eval=  0] [overall bb eval=  314] [# dominant pts=   7] [# new pts=   0] [f1=52.02241823 f2=51.41441823]
	MADS run 12/30 ...... OK [bb eval=  0] [overall bb eval=  314] [# dominant pts=   7] [# new pts=   0] [f1=52.02241823 f2=51.51641823]
	MADS run 13/30 ...... OK [bb eval=  0] [overall bb eval=  314] [# dominant pts=   7] [# new pts=   0] [f1=52.02241823 f2=51.41441823]
	MADS run 14/30 ...... OK [bb eval= 49] [overall bb eval=  363] [# dominant pts=   7] [# new pts=   0] [f1=52.02241823 f2=51.25241823]
	MADS run 15/30 ...... OK [bb eval= 57] [overall bb eval=  420] [# dominant pts=   7] [# new pts=   0] [f1=52.02241823 f2=51.06141823]
	MADS run 16/30 ...... OK [bb eval= 50] [overall bb eval=  470] [# dominant pts=   7] [# new pts=   0] [f1=52.02241823 f2=51.22141823]
	MADS run 17/30 ...... OK [bb eval=  0] [overall bb eval=  470] [# dominant pts=   7] [# new pts=   0] [f1=52.02241823 f2=51.51641823]
	MADS run 18/30 ...... OK [bb eval=  0] [overall bb eval=  470] [# dominant pts=   7] [# new pts=   0] [f1=52.02241823 f2=51.41441823]
	MADS run 19/30 ...... OK [bb eval=  0] [overall bb eval=  470] [# dominant pts=   7] [# new pts=   0] [f1=52.02241823 f2=51.25241823]
	MADS run 20/30 ...... OK [bb eval=  0] [overall bb eval=  470] [# dominant pts=   7] [# new pts=   0] [f1=52.02241823 f2=51.51641823]
	MADS run 21/30 ...... OK [bb eval=  0] [overall bb eval=  470] [# dominant pts=   7] [# new pts=   0] [f1=52.02241823 f2=51.41441823]
	MADS run 22/30 ...... OK [bb eval=  0] [overall bb eval=  470] [# dominant pts=   7] [# new pts=   0] [f1=52.02241823 f2=51.06141823]
	MADS run 23/30 ...... OK [bb eval=  0] [overall bb eval=  470] [# dominant pts=   7] [# new pts=   0] [f1=52.02241823 f2=51.22141823]
	MADS run 24/30 ...... OK [bb eval=  0] [overall bb eval=  470] [# dominant pts=   7] [# new pts=   0] [f1=52.02241823 f2=51.25241823]
	MADS run 25/30 ...... OK [bb eval=  0] [overall bb eval=  470] [# dominant pts=   7] [# new pts=   0] [f1=52.02241823 f2=51.51641823]
	MADS run 26/30 ...... OK [bb eval=  0] [overall bb eval=  470] [# dominant pts=   7] [# new pts=   0] [f1=52.02241823 f2=51.41441823]
	MADS run 27/30 ...... OK [bb eval=  0] [overall bb eval=  470] [# dominant pts=   7] [# new pts=   0] [f1=52.02241823 f2=51.06141823]
	MADS run 28/30 ...... OK [bb eval=  0] [overall bb eval=  470] [# dominant pts=   7] [# new pts=   0] [f1=52.02241823 f2=51.22141823]
	MADS run 29/30 ...... OK [bb eval=  0] [overall bb eval=  470] [# dominant pts=   7] [# new pts=   0] [f1=52.02241823 f2=51.51641823]
	MADS run 30/30 ...... OK [bb eval=  0] [overall bb eval=  470] [# dominant pts=   7] [# new pts=   0] [f1=52.02241823 f2=51.25241823]

} end of run (max number of MADS runs)


blackbox evaluations                     : 470
number of MADS runs                      : 30

Pareto front {

	52.0224182340 52.9554182340 
	52.0224182340 52.5564182340 
	52.0224182340 51.4504182340 
	52.0224182340 51.2524182340 
	52.0224182340 51.2214182340 
	52.0224182340 51.0614182340 
	52.0224182340 51.0254182340 
} 

number of Pareto points: 7
