Warning: {
	The maximum number of evaluations may be exceeded when BB_MAX_BLOCK_SIZE>1.
} 

NOMAD - version 3.7.3 has been created by {
	Charles Audet        - Ecole Polytechnique de Montreal
	Sebastien Le Digabel - Ecole Polytechnique de Montreal
	Christophe Tribes    - Ecole Polytechnique de Montreal
} 

The copyright of NOMAD - version 3.7.3 is owned by {
	Sebastien Le Digabel - Ecole Polytechnique de Montreal
	Christophe Tribes    - Ecole Polytechnique de Montreal
} 

NOMAD version 3 is a new version of Nomad v1 and v2, it has been funded by AFOSR and Exxon Mobil.
Nomad v1 and v2 were created and developed by Mark A. Abramson from The Boeing Company, Charles Audet and Gilles Couture from Ecole Polytechnique de Montreal, and John E. Dennis Jr. from Rice University, and were funded by AFOSR and Exxon Mobil.

Download  : www.gerad.ca/nomad
License   : '$NOMAD_HOME/src/lgpl.txt'
User guide: '$NOMAD_HOME/doc/user_guide.pdf'
Examples  : '$NOMAD_HOME/examples'
Tools     : '$NOMAD_HOME/tools'

Please report bugs to nomad@gerad.ca

MADS run {

	BBE	OBJ

	  2	288.7926372100 (PhaseOne)
	  3	254.0899760400 (PhaseOne)
	  4	0.0000000000 (PhaseOne)
	  4	-1.0733100000
	 10	-1.6099700000
	 15	-3.4882700000
	 45	-3.7565900000
	 79	-3.9578400000
	100	-3.9578400000

} end of run (max number of blackbox evaluations)

blackbox evaluations                     : 100
best infeasible solution (min. violation): ( 0.9838699101 1.609968944 1.01741093 0.5366563146 -3.95784032 ) h=0.167493 f=-3.95784
best feasible solution                   : ( 0.9531239754 1.475804865 0.9447387205 0.6037383539 -3.95784032 ) h=0 f=-3.95784
