Warning: {
	The maximum number of evaluations may be exceeded when BB_MAX_BLOCK_SIZE>1.
} 

MADS run {

	BBE	(	SOL	)	OBJ

	  2	(	0.0000000000 0.5366563146 0.5813776741 -0.2683281573 0.2683281573 )	288.7937255854 (PhaseOne)
	  3	(	0.4919349550 1.0733126292 0.0000000000 0.0000000000 -0.2683281573 )	254.0887373636 (PhaseOne)
	  4	(	0.4919349550 0.0000000000 1.1627553483 0.2683281573 -0.2683281573 )	223.5808267209 (PhaseOne)
	  6	(	1.9677398202 0.0000000000 4.6510213932 1.0733126292 -1.0733126292 )	0.0000000000 (PhaseOne)
	  6	(	1.9677398202 0.0000000000 4.6510213932 1.0733126292 -1.0733126292 )	-1.0733126292
	 12	(	1.4758048651 -0.5366563146 4.0696437190 0.8049844719 -1.6099689438 )	-1.6099689438
	 14	(	0.4919349550 0.5366563146 4.0696437190 0.2683281573 -2.4149534157 )	-2.4149534157
	 30	(	1.9677398202 0.0000000000 2.9068883707 0.2683281573 -2.9516097303 )	-2.9516097303
	 44	(	2.4596747752 2.1466252584 1.1627553483 0.2683281573 -3.4882660449 )	-3.4882660449
	 76	(	1.9677398202 1.6099689438 1.7441330224 0.4024922359 -3.7565942022 )	-3.7565942022
	 88	(	1.4758048651 0.9391485505 1.8894774410 0.6708203932 -3.8236762415 )	-3.8236762415
	100	(	1.4758048651 0.9391485505 1.8894774410 0.6708203932 -3.8236762415 )	-3.8236762415

} end of run (max number of blackbox evaluations)

blackbox evaluations                     : 100
best infeasible solution (min. violation): ( 1.96773982 1.744133022 1.598788604 0.2683281573 -3.756594202 ) h=0.009334196675 f=-3.756594202
best feasible solution                   : ( 1.475804865 0.9391485505 1.889477441 0.6708203932 -3.823676242 ) h=0 f=-3.823676242
